ср авг. 14 20:09:22 2024: Client started.
ср авг. 14 20:09:22 2024: Loaded table data.
ср авг. 14 20:09:37 2024: Added record.
ср авг. 14 20:09:39 2024: Loaded table data.
ср авг. 14 20:11:51 2024: Client started.
ср авг. 14 20:11:51 2024: Loaded table data.
ср авг. 14 20:12:13 2024: Added record.
ср авг. 14 20:12:15 2024: Loaded table data.
ср авг. 14 20:14:40 2024: Client started.
ср авг. 14 20:14:40 2024: Loaded table data.
ср авг. 14 20:14:55 2024: Added record.
ср авг. 14 20:14:56 2024: Loaded table data.
ср авг. 14 20:17:58 2024: Client started.
ср авг. 14 20:17:58 2024: Loaded table data.
ср авг. 14 20:18:43 2024: Client started.
ср авг. 14 20:18:43 2024: Loaded table data.
ср авг. 14 20:19:26 2024: Client started.
ср авг. 14 20:19:26 2024: Loaded table data.
ср авг. 14 20:20:28 2024: Client started.
ср авг. 14 20:20:28 2024: Loaded table data.
ср авг. 14 20:20:40 2024: Added record.
ср авг. 14 20:20:42 2024: Loaded table data.
ср авг. 14 20:21:50 2024: Client started.
ср авг. 14 20:21:50 2024: Loaded table data.
ср авг. 14 20:23:26 2024: Client started.
ср авг. 14 20:23:26 2024: Loaded table data.
ср авг. 14 20:27:57 2024: Client started.
ср авг. 14 20:27:57 2024: Loaded table data.
ср авг. 14 20:42:58 2024: Client started.
ср авг. 14 20:42:58 2024: Loaded table data.
ср авг. 14 20:43:55 2024: Deleted record with ID: 10
ср авг. 14 20:43:56 2024: Loaded table data.
ср авг. 14 20:44:24 2024: Client started.
ср авг. 14 20:44:24 2024: Loaded table data.
ср авг. 14 20:57:40 2024: Client started.
ср авг. 14 20:57:40 2024: Loaded table data.
ср авг. 14 21:00:53 2024: Client started.
ср авг. 14 21:00:53 2024: Loaded table data.
ср авг. 14 21:03:10 2024: Client started.
ср авг. 14 21:03:10 2024: Loaded table data.
ср авг. 14 21:03:35 2024: Client started.
ср авг. 14 21:03:35 2024: Loaded table data.
ср авг. 14 21:04:03 2024: Client started.
ср авг. 14 21:04:03 2024: Loaded table data.
ср авг. 14 21:06:05 2024: Added record.
ср авг. 14 21:06:06 2024: Loaded table data.
ср авг. 14 21:06:32 2024: Client started.
ср авг. 14 21:06:32 2024: Loaded table data.
ср авг. 14 21:21:48 2024: Клиент запущен.
ср авг. 14 21:21:48 2024: Загружены данные из таблицы.
ср авг. 14 21:22:53 2024: Клиент запущен.
ср авг. 14 21:22:53 2024: Загружены данные из таблицы.
ср авг. 14 21:23:01 2024: Добавлена запись.
ср авг. 14 21:23:02 2024: Загружены данные из таблицы.
ср авг. 14 21:27:29 2024: Добавлена запись.
ср авг. 14 21:27:30 2024: Загружены данные из таблицы.
чт авг. 15 10:32:16 2024: Клиент запущен.
чт авг. 15 10:32:16 2024: Загружены данные из таблицы.
чт авг. 15 10:33:37 2024: Клиент запущен.
чт авг. 15 10:33:37 2024: Загружены данные из таблицы.
чт авг. 15 10:34:54 2024: Добавлена запись.
чт авг. 15 10:34:56 2024: Загружены данные из таблицы.
чт авг. 15 10:39:31 2024: Добавлена запись.
чт авг. 15 10:39:34 2024: Загружены данные из таблицы.
чт авг. 15 10:40:54 2024: Добавлена запись.
чт авг. 15 10:40:56 2024: Загружены данные из таблицы.
чт авг. 15 10:42:48 2024: Добавлена запись.
чт авг. 15 10:42:50 2024: Загружены данные из таблицы.
чт авг. 15 10:43:35 2024: Клиент запущен.
чт авг. 15 10:43:35 2024: Загружены данные из таблицы.
чт авг. 15 10:46:48 2024: Добавлена запись.
чт авг. 15 10:46:50 2024: Загружены данные из таблицы.
чт авг. 15 10:57:22 2024: Клиент запущен.
чт авг. 15 10:57:22 2024: Загружены данные из таблицы.
чт авг. 15 10:58:40 2024: Клиент запущен.
чт авг. 15 10:58:40 2024: Загружены данные из таблицы.
чт авг. 15 10:59:09 2024: Добавлена запись.
чт авг. 15 10:59:11 2024: Загружены данные из таблицы.
чт авг. 15 10:59:41 2024: Удалена запись с ID: 66
чт авг. 15 10:59:42 2024: Загружены данные из таблицы.
чт авг. 15 10:59:48 2024: Удалена запись с ID: 68
чт авг. 15 10:59:49 2024: Загружены данные из таблицы.
чт авг. 15 11:23:07 2024: Клиент запущен.
чт авг. 15 11:23:07 2024: Загружены данные из таблицы.
чт авг. 15 11:27:33 2024: Клиент запущен.
чт авг. 15 11:27:33 2024: Загружены данные из таблицы.
чт авг. 15 11:27:39 2024: Удалена запись с ID: 67
чт авг. 15 11:27:41 2024: Загружены данные из таблицы.
