ср авг. 14 18:59:04 2024: Server is running on port 12345
ср авг. 14 18:59:23 2024: Data requested.
ср авг. 14 19:00:01 2024: Deleted record with ID: 2
ср авг. 14 19:00:02 2024: Data requested.
ср авг. 14 19:01:46 2024: Server is running on port 12345
ср авг. 14 19:01:56 2024: Added record.
ср авг. 14 19:01:57 2024: Data requested.
ср авг. 14 19:02:46 2024: Deleted record with ID: 4
ср авг. 14 19:02:57 2024: Server is running on port 12345
ср авг. 14 19:03:39 2024: Server is running on port 12345
ср авг. 14 19:03:45 2024: Data requested.
ср авг. 14 19:03:58 2024: Added record.
ср авг. 14 19:05:40 2024: Server is running on port 12345
ср авг. 14 19:18:46 2024: Server is running on port 12345
ср авг. 14 20:06:08 2024: Added record.
ср авг. 14 20:09:37 2024: Added record.
ср авг. 14 20:11:42 2024: Server is running on port 12345
ср авг. 14 20:12:13 2024: Added record.
ср авг. 14 20:12:49 2024: Server is running on port 12345
ср авг. 14 20:14:40 2024: Data requested.
ср авг. 14 20:14:55 2024: Added record.
ср авг. 14 20:14:56 2024: Data requested.
ср авг. 14 20:17:52 2024: Server is running on port 12345
ср авг. 14 20:18:36 2024: Server is running on port 12345
ср авг. 14 20:19:22 2024: Server is running on port 12345
ср авг. 14 20:19:27 2024: Data requested.
ср авг. 14 20:20:20 2024: Server is running on port 12345
ср авг. 14 20:20:28 2024: Data requested.
ср авг. 14 20:20:40 2024: Added record.
ср авг. 14 20:20:42 2024: Data requested.
ср авг. 14 20:21:45 2024: Server is running on port 12345
ср авг. 14 20:21:50 2024: Data requested.
ср авг. 14 20:23:12 2024: Server is running on port 12345
ср авг. 14 20:23:26 2024: Data requested.
ср авг. 14 20:27:36 2024: Server is running on port 12345
ср авг. 14 20:27:58 2024: Data requested.
ср авг. 14 20:42:59 2024: Data requested.
ср авг. 14 20:43:55 2024: Deleted record with ID: 10
ср авг. 14 20:43:57 2024: Data requested.
ср авг. 14 20:44:25 2024: Data requested.
ср авг. 14 20:57:40 2024: Data requested.
ср авг. 14 21:00:54 2024: Data requested.
ср авг. 14 21:03:11 2024: Data requested.
ср авг. 14 21:03:36 2024: Data requested.
ср авг. 14 21:04:04 2024: Data requested.
ср авг. 14 21:06:05 2024: Added record.
ср авг. 14 21:06:07 2024: Data requested.
ср авг. 14 21:06:34 2024: Data requested.
ср авг. 14 21:09:25 2024: Server is running on port 12345
ср авг. 14 21:10:32 2024: Server is running on port 12345
ср авг. 14 21:11:44 2024: Server is running on port 12345
ср авг. 14 21:12:14 2024: Server is running on port 12345
ср авг. 14 21:21:39 2024: Сервер запущен и слушает порт 12345
ср авг. 14 21:23:01 2024: Запись добавлена.
ср авг. 14 21:25:27 2024: Сервер запущен и слушает порт 12345
ср авг. 14 21:27:29 2024: Запись добавлена.
